This file contains any messages produced by compilers while
running configure, to aid debugging if configure makes a mistake.

It was created by packETH configure 1.7, which was
generated by GNU Autoconf 2.68.  Invocation command line was

  $ ./configure 

## --------- ##
## Platform. ##
## --------- ##

hostname = mininet-vm
uname -m = x86_64
uname -r = 3.5.0-17-generic
uname -s = Linux
uname -v = #28-Ubuntu SMP Tue Oct 9 19:31:23 UTC 2012

/usr/bin/uname -p = unknown
/bin/uname -X     = unknown

/bin/arch              = unknown
/usr/bin/arch -k       = unknown
/usr/convex/getsysinfo = unknown
/usr/bin/hostinfo      = unknown
/bin/machine           = unknown
/usr/bin/oslevel       = unknown
/bin/universe          = unknown

PATH: /usr/local/sbin
PATH: /usr/local/bin
PATH: /usr/sbin
PATH: /usr/bin
PATH: /sbin
PATH: /bin
PATH: /usr/games
PATH: /usr/local/games


## ----------- ##
## Core tests. ##
## ----------- ##

configure:2180: checking for a BSD-compatible install
configure:2248: result: /usr/bin/install -c
configure:2259: checking whether build environment is sane
configure:2309: result: yes
configure:2450: checking for a thread-safe mkdir -p
configure:2489: result: /bin/mkdir -p
configure:2502: checking for gawk
configure:2532: result: no
configure:2502: checking for mawk
configure:2518: found /usr/bin/mawk
configure:2529: result: mawk
configure:2540: checking whether make sets $(MAKE)
configure:2562: result: yes
configure:2694: checking for gcc
configure:2710: found /usr/bin/gcc
configure:2721: result: gcc
configure:2950: checking for C compiler version
configure:2959: gcc --version >&5
gcc (Ubuntu/Linaro 4.7.2-2ubuntu1) 4.7.2
Copyright (C) 2012 Free Software Foundation, Inc.
This is free software; see the source for copying conditions.  There is NO
warranty; not even for MERCHANTABILITY or FITNESS FOR A PARTICULAR PURPOSE.

configure:2970: $? = 0
configure:2959: gcc -v >&5
Using built-in specs.
COLLECT_GCC=gcc
COLLECT_LTO_WRAPPER=/usr/lib/gcc/x86_64-linux-gnu/4.7/lto-wrapper
Target: x86_64-linux-gnu
Configured with: ../src/configure -v --with-pkgversion='Ubuntu/Linaro 4.7.2-2ubuntu1' --with-bugurl=file:///usr/share/doc/gcc-4.7/README.Bugs --enable-languages=c,c++,go,fortran,objc,obj-c++ --prefix=/usr --program-suffix=-4.7 --enable-shared --enable-linker-build-id --with-system-zlib --libexecdir=/usr/lib --without-included-gettext --enable-threads=posix --with-gxx-include-dir=/usr/include/c++/4.7 --libdir=/usr/lib --enable-nls --with-sysroot=/ --enable-clocale=gnu --enable-libstdcxx-debug --enable-libstdcxx-time=yes --enable-gnu-unique-object --enable-plugin --enable-objc-gc --disable-werror --with-arch-32=i686 --with-tune=generic --enable-checking=release --build=x86_64-linux-gnu --host=x86_64-linux-gnu --target=x86_64-linux-gnu
Thread model: posix
gcc version 4.7.2 (Ubuntu/Linaro 4.7.2-2ubuntu1) 
configure:2970: $? = 0
configure:2959: gcc -V >&5
gcc: error: unrecognized command line option '-V'
gcc: fatal error: no input files
compilation terminated.
configure:2970: $? = 4
configure:2959: gcc -qversion >&5
gcc: error: unrecognized command line option '-qversion'
gcc: fatal error: no input files
compilation terminated.
configure:2970: $? = 4
configure:2990: checking whether the C compiler works
configure:3012: gcc    conftest.c  >&5
configure:3016: $? = 0
configure:3064: result: yes
configure:3067: checking for C compiler default output file name
configure:3069: result: a.out
configure:3075: checking for suffix of executables
configure:3082: gcc -o conftest    conftest.c  >&5
configure:3086: $? = 0
configure:3108: result: 
configure:3130: checking whether we are cross compiling
configure:3138: gcc -o conftest    conftest.c  >&5
configure:3142: $? = 0
configure:3149: ./conftest
configure:3153: $? = 0
configure:3168: result: no
configure:3173: checking for suffix of object files
configure:3195: gcc -c   conftest.c >&5
configure:3199: $? = 0
configure:3220: result: o
configure:3224: checking whether we are using the GNU C compiler
configure:3243: gcc -c   conftest.c >&5
configure:3243: $? = 0
configure:3252: result: yes
configure:3261: checking whether gcc accepts -g
configure:3281: gcc -c -g  conftest.c >&5
configure:3281: $? = 0
configure:3322: result: yes
configure:3339: checking for gcc option to accept ISO C89
configure:3403: gcc  -c -g -O2  conftest.c >&5
configure:3403: $? = 0
configure:3416: result: none needed
configure:3447: checking for style of include used by make
configure:3475: result: GNU
configure:3501: checking dependency style of gcc
configure:3612: result: gcc3
configure:3628: checking whether gcc and cc understand -c and -o together
configure:3659: gcc -c conftest.c -o conftest2.o >&5
configure:3663: $? = 0
configure:3669: gcc -c conftest.c -o conftest2.o >&5
configure:3673: $? = 0
configure:3684: cc -c conftest.c >&5
configure:3688: $? = 0
configure:3696: cc -c conftest.c -o conftest2.o >&5
configure:3700: $? = 0
configure:3706: cc -c conftest.c -o conftest2.o >&5
configure:3710: $? = 0
configure:3728: result: yes
configure:3757: checking for pow in -lm
configure:3782: gcc -o conftest -g -O2   conftest.c -lm   >&5
conftest.c:18:6: warning: conflicting types for built-in function 'pow' [enabled by default]
configure:3782: $? = 0
configure:3791: result: yes
configure:3802: checking for pthread_create in -lpthread
configure:3827: gcc -o conftest -g -O2   conftest.c -lpthread  -lm  >&5
configure:3827: $? = 0
configure:3836: result: yes
configure:3854: checking how to run the C preprocessor
configure:3885: gcc -E  conftest.c
configure:3885: $? = 0
configure:3899: gcc -E  conftest.c
conftest.c:13:28: fatal error: ac_nonexistent.h: No such file or directory
compilation terminated.
configure:3899: $? = 1
configure: failed program was:
| /* confdefs.h */
| #define PACKAGE_NAME "packETH"
| #define PACKAGE_TARNAME "packeth"
| #define PACKAGE_VERSION "1.7"
| #define PACKAGE_STRING "packETH 1.7"
| #define PACKAGE_BUGREPORT "jemcek@gmail.com"
| #define PACKAGE_URL ""
| #define PACKAGE "packeth"
| #define VERSION "1.7"
| #define HAVE_LIBM 1
| #define HAVE_LIBPTHREAD 1
| /* end confdefs.h.  */
| #include <ac_nonexistent.h>
configure:3924: result: gcc -E
configure:3944: gcc -E  conftest.c
configure:3944: $? = 0
configure:3958: gcc -E  conftest.c
conftest.c:13:28: fatal error: ac_nonexistent.h: No such file or directory
compilation terminated.
configure:3958: $? = 1
configure: failed program was:
| /* confdefs.h */
| #define PACKAGE_NAME "packETH"
| #define PACKAGE_TARNAME "packeth"
| #define PACKAGE_VERSION "1.7"
| #define PACKAGE_STRING "packETH 1.7"
| #define PACKAGE_BUGREPORT "jemcek@gmail.com"
| #define PACKAGE_URL ""
| #define PACKAGE "packeth"
| #define VERSION "1.7"
| #define HAVE_LIBM 1
| #define HAVE_LIBPTHREAD 1
| /* end confdefs.h.  */
| #include <ac_nonexistent.h>
configure:3987: checking for grep that handles long lines and -e
configure:4045: result: /bin/grep
configure:4050: checking for egrep
configure:4112: result: /bin/grep -E
configure:4117: checking for ANSI C header files
configure:4137: gcc -c -g -O2  conftest.c >&5
configure:4137: $? = 0
configure:4210: gcc -o conftest -g -O2   conftest.c -lpthread -lm  >&5
configure:4210: $? = 0
configure:4210: ./conftest
configure:4210: $? = 0
configure:4221: result: yes
configure:4234: checking for sys/types.h
configure:4234: gcc -c -g -O2  conftest.c >&5
configure:4234: $? = 0
configure:4234: result: yes
configure:4234: checking for sys/stat.h
configure:4234: gcc -c -g -O2  conftest.c >&5
configure:4234: $? = 0
configure:4234: result: yes
configure:4234: checking for stdlib.h
configure:4234: gcc -c -g -O2  conftest.c >&5
configure:4234: $? = 0
configure:4234: result: yes
configure:4234: checking for string.h
configure:4234: gcc -c -g -O2  conftest.c >&5
configure:4234: $? = 0
configure:4234: result: yes
configure:4234: checking for memory.h
configure:4234: gcc -c -g -O2  conftest.c >&5
configure:4234: $? = 0
configure:4234: result: yes
configure:4234: checking for strings.h
configure:4234: gcc -c -g -O2  conftest.c >&5
configure:4234: $? = 0
configure:4234: result: yes
configure:4234: checking for inttypes.h
configure:4234: gcc -c -g -O2  conftest.c >&5
configure:4234: $? = 0
configure:4234: result: yes
configure:4234: checking for stdint.h
configure:4234: gcc -c -g -O2  conftest.c >&5
configure:4234: $? = 0
configure:4234: result: yes
configure:4234: checking for unistd.h
configure:4234: gcc -c -g -O2  conftest.c >&5
configure:4234: $? = 0
configure:4234: result: yes
configure:4249: checking libintl.h usability
configure:4249: gcc -c -g -O2  conftest.c >&5
configure:4249: $? = 0
configure:4249: result: yes
configure:4249: checking libintl.h presence
configure:4249: gcc -E  conftest.c
configure:4249: $? = 0
configure:4249: result: yes
configure:4249: checking for libintl.h
configure:4249: result: yes
configure:4249: checking netdb.h usability
configure:4249: gcc -c -g -O2  conftest.c >&5
configure:4249: $? = 0
configure:4249: result: yes
configure:4249: checking netdb.h presence
configure:4249: gcc -E  conftest.c
configure:4249: $? = 0
configure:4249: result: yes
configure:4249: checking for netdb.h
configure:4249: result: yes
configure:4249: checking netinet/in.h usability
configure:4249: gcc -c -g -O2  conftest.c >&5
configure:4249: $? = 0
configure:4249: result: yes
configure:4249: checking netinet/in.h presence
configure:4249: gcc -E  conftest.c
configure:4249: $? = 0
configure:4249: result: yes
configure:4249: checking for netinet/in.h
configure:4249: result: yes
configure:4249: checking for stdlib.h
configure:4249: result: yes
configure:4249: checking for string.h
configure:4249: result: yes
configure:4249: checking sys/ioctl.h usability
configure:4249: gcc -c -g -O2  conftest.c >&5
configure:4249: $? = 0
configure:4249: result: yes
configure:4249: checking sys/ioctl.h presence
configure:4249: gcc -E  conftest.c
configure:4249: $? = 0
configure:4249: result: yes
configure:4249: checking for sys/ioctl.h
configure:4249: result: yes
configure:4249: checking sys/socket.h usability
configure:4249: gcc -c -g -O2  conftest.c >&5
configure:4249: $? = 0
configure:4249: result: yes
configure:4249: checking sys/socket.h presence
configure:4249: gcc -E  conftest.c
configure:4249: $? = 0
configure:4249: result: yes
configure:4249: checking for sys/socket.h
configure:4249: result: yes
configure:4249: checking sys/time.h usability
configure:4249: gcc -c -g -O2  conftest.c >&5
configure:4249: $? = 0
configure:4249: result: yes
configure:4249: checking sys/time.h presence
configure:4249: gcc -E  conftest.c
configure:4249: $? = 0
configure:4249: result: yes
configure:4249: checking for sys/time.h
configure:4249: result: yes
configure:4249: checking sys/timeb.h usability
configure:4249: gcc -c -g -O2  conftest.c >&5
configure:4249: $? = 0
configure:4249: result: yes
configure:4249: checking sys/timeb.h presence
configure:4249: gcc -E  conftest.c
configure:4249: $? = 0
configure:4249: result: yes
configure:4249: checking for sys/timeb.h
configure:4249: result: yes
configure:4249: checking for unistd.h
configure:4249: result: yes
configure:4316: checking for pkg-config
configure:4334: found /usr/bin/pkg-config
configure:4346: result: /usr/bin/pkg-config
configure:4371: checking pkg-config is at least version 0.9.0
configure:4374: result: yes
configure:4384: checking for DEPS
configure:4391: $PKG_CONFIG --exists --print-errors "$pkg_modules"
configure:4394: $? = 0
configure:4408: $PKG_CONFIG --exists --print-errors "$pkg_modules"
configure:4411: $? = 0
configure:4469: result: yes
configure:4475: checking for error_at_line
configure:4491: gcc -o conftest -g -O2   conftest.c -lpthread -lm  >&5
configure:4491: $? = 0
configure:4499: result: yes
configure:4512: checking for stdlib.h
configure:4512: result: yes
configure:4522: checking for GNU libc compatible malloc
configure:4546: gcc -o conftest -g -O2   conftest.c -lpthread -lm  >&5
configure:4546: $? = 0
configure:4546: ./conftest
configure:4546: $? = 0
configure:4556: result: yes
configure:4577: checking for working strtod
configure:4618: gcc -o conftest -g -O2   conftest.c -lpthread -lm  >&5
conftest.c: In function 'main':
conftest.c:90:12: warning: ignoring return value of 'strtod', declared with attribute warn_unused_result [-Wunused-result]
configure:4618: $? = 0
configure:4618: ./conftest
configure:4618: $? = 0
configure:4628: result: yes
configure:4693: checking for bzero
configure:4693: gcc -o conftest -g -O2   conftest.c -lpthread -lm  >&5
conftest.c:58:6: warning: conflicting types for built-in function 'bzero' [enabled by default]
configure:4693: $? = 0
configure:4693: result: yes
configure:4693: checking for ftime
configure:4693: gcc -o conftest -g -O2   conftest.c -lpthread -lm  >&5
configure:4693: $? = 0
configure:4693: result: yes
configure:4693: checking for gettimeofday
configure:4693: gcc -o conftest -g -O2   conftest.c -lpthread -lm  >&5
configure:4693: $? = 0
configure:4693: result: yes
configure:4693: checking for isascii
configure:4693: gcc -o conftest -g -O2   conftest.c -lpthread -lm  >&5
conftest.c:61:6: warning: conflicting types for built-in function 'isascii' [enabled by default]
configure:4693: $? = 0
configure:4693: result: yes
configure:4693: checking for memset
configure:4693: gcc -o conftest -g -O2   conftest.c -lpthread -lm  >&5
conftest.c:62:6: warning: conflicting types for built-in function 'memset' [enabled by default]
configure:4693: $? = 0
configure:4693: result: yes
configure:4693: checking for socket
configure:4693: gcc -o conftest -g -O2   conftest.c -lpthread -lm  >&5
configure:4693: $? = 0
configure:4693: result: yes
configure:4693: checking for strchr
configure:4693: gcc -o conftest -g -O2   conftest.c -lpthread -lm  >&5
conftest.c:64:6: warning: conflicting types for built-in function 'strchr' [enabled by default]
configure:4693: $? = 0
configure:4693: result: yes
configure:4693: checking for strtol
configure:4693: gcc -o conftest -g -O2   conftest.c -lpthread -lm  >&5
configure:4693: $? = 0
configure:4693: result: yes
configure:4693: checking for strtoul
configure:4693: gcc -o conftest -g -O2   conftest.c -lpthread -lm  >&5
configure:4693: $? = 0
configure:4693: result: yes
configure:4693: checking for strtoull
configure:4693: gcc -o conftest -g -O2   conftest.c -lpthread -lm  >&5
configure:4693: $? = 0
configure:4693: result: yes
configure:4835: creating ./config.status

## ---------------------- ##
## Running config.status. ##
## ---------------------- ##

This file was extended by packETH config.status 1.7, which was
generated by GNU Autoconf 2.68.  Invocation command line was

  CONFIG_FILES    = 
  CONFIG_HEADERS  = 
  CONFIG_LINKS    = 
  CONFIG_COMMANDS = 
  $ ./config.status 

on mininet-vm

config.status:893: creating Makefile
config.status:893: creating config.h
config.status:1074: config.h is unchanged
config.status:1122: executing depfiles commands

## ---------------- ##
## Cache variables. ##
## ---------------- ##

ac_cv_c_compiler_gnu=yes
ac_cv_env_CC_set=
ac_cv_env_CC_value=
ac_cv_env_CFLAGS_set=
ac_cv_env_CFLAGS_value=
ac_cv_env_CPPFLAGS_set=
ac_cv_env_CPPFLAGS_value=
ac_cv_env_CPP_set=
ac_cv_env_CPP_value=
ac_cv_env_DEPS_CFLAGS_set=
ac_cv_env_DEPS_CFLAGS_value=
ac_cv_env_DEPS_LIBS_set=
ac_cv_env_DEPS_LIBS_value=
ac_cv_env_LDFLAGS_set=
ac_cv_env_LDFLAGS_value=
ac_cv_env_LIBS_set=
ac_cv_env_LIBS_value=
ac_cv_env_PKG_CONFIG_LIBDIR_set=
ac_cv_env_PKG_CONFIG_LIBDIR_value=
ac_cv_env_PKG_CONFIG_PATH_set=
ac_cv_env_PKG_CONFIG_PATH_value=
ac_cv_env_PKG_CONFIG_set=
ac_cv_env_PKG_CONFIG_value=
ac_cv_env_build_alias_set=
ac_cv_env_build_alias_value=
ac_cv_env_host_alias_set=
ac_cv_env_host_alias_value=
ac_cv_env_target_alias_set=
ac_cv_env_target_alias_value=
ac_cv_func_bzero=yes
ac_cv_func_ftime=yes
ac_cv_func_gettimeofday=yes
ac_cv_func_isascii=yes
ac_cv_func_malloc_0_nonnull=yes
ac_cv_func_memset=yes
ac_cv_func_socket=yes
ac_cv_func_strchr=yes
ac_cv_func_strtod=yes
ac_cv_func_strtol=yes
ac_cv_func_strtoul=yes
ac_cv_func_strtoull=yes
ac_cv_header_inttypes_h=yes
ac_cv_header_libintl_h=yes
ac_cv_header_memory_h=yes
ac_cv_header_netdb_h=yes
ac_cv_header_netinet_in_h=yes
ac_cv_header_stdc=yes
ac_cv_header_stdint_h=yes
ac_cv_header_stdlib_h=yes
ac_cv_header_string_h=yes
ac_cv_header_strings_h=yes
ac_cv_header_sys_ioctl_h=yes
ac_cv_header_sys_socket_h=yes
ac_cv_header_sys_stat_h=yes
ac_cv_header_sys_time_h=yes
ac_cv_header_sys_timeb_h=yes
ac_cv_header_sys_types_h=yes
ac_cv_header_unistd_h=yes
ac_cv_lib_error_at_line=yes
ac_cv_lib_m_pow=yes
ac_cv_lib_pthread_pthread_create=yes
ac_cv_objext=o
ac_cv_path_EGREP='/bin/grep -E'
ac_cv_path_GREP=/bin/grep
ac_cv_path_ac_pt_PKG_CONFIG=/usr/bin/pkg-config
ac_cv_path_install='/usr/bin/install -c'
ac_cv_path_mkdir=/bin/mkdir
ac_cv_prog_AWK=mawk
ac_cv_prog_CPP='gcc -E'
ac_cv_prog_ac_ct_CC=gcc
ac_cv_prog_cc_c89=
ac_cv_prog_cc_g=yes
ac_cv_prog_cc_gcc_c_o=yes
ac_cv_prog_make_make_set=yes
am_cv_CC_dependencies_compiler_type=gcc3
pkg_cv_DEPS_CFLAGS='-pthread -I/usr/include/gtk-2.0 -I/usr/lib/x86_64-linux-gnu/gtk-2.0/include -I/usr/include/atk-1.0 -I/usr/include/cairo -I/usr/include/gdk-pixbuf-2.0 -I/usr/include/pango-1.0 -I/usr/include/gio-unix-2.0/ -I/usr/include/glib-2.0 -I/usr/lib/x86_64-linux-gnu/glib-2.0/include -I/usr/include/pixman-1 -I/usr/include/freetype2 -I/usr/include/libpng12  '
pkg_cv_DEPS_LIBS='-pthread -lgtk-x11-2.0 -lgdk-x11-2.0 -latk-1.0 -lgio-2.0 -lpangoft2-1.0 -lpangocairo-1.0 -lgdk_pixbuf-2.0 -lcairo -lpango-1.0 -lfreetype -lfontconfig -lgobject-2.0 -lgthread-2.0 -lrt -lglib-2.0  '

## ----------------- ##
## Output variables. ##
## ----------------- ##

ACLOCAL='${SHELL} /home/mininet/RYU295/packETH-1.7.3/missing --run aclocal-1.11'
AMDEPBACKSLASH='\'
AMDEP_FALSE='#'
AMDEP_TRUE=''
AMTAR='$${TAR-tar}'
AUTOCONF='${SHELL} /home/mininet/RYU295/packETH-1.7.3/missing --run autoconf'
AUTOHEADER='${SHELL} /home/mininet/RYU295/packETH-1.7.3/missing --run autoheader'
AUTOMAKE='${SHELL} /home/mininet/RYU295/packETH-1.7.3/missing --run automake-1.11'
AWK='mawk'
CC='gcc'
CCDEPMODE='depmode=gcc3'
CFLAGS='-g -O2'
CPP='gcc -E'
CPPFLAGS=''
CYGPATH_W='echo'
DEFS='-DHAVE_CONFIG_H'
DEPDIR='.deps'
DEPS_CFLAGS='-pthread -I/usr/include/gtk-2.0 -I/usr/lib/x86_64-linux-gnu/gtk-2.0/include -I/usr/include/atk-1.0 -I/usr/include/cairo -I/usr/include/gdk-pixbuf-2.0 -I/usr/include/pango-1.0 -I/usr/include/gio-unix-2.0/ -I/usr/include/glib-2.0 -I/usr/lib/x86_64-linux-gnu/glib-2.0/include -I/usr/include/pixman-1 -I/usr/include/freetype2 -I/usr/include/libpng12  '
DEPS_LIBS='-pthread -lgtk-x11-2.0 -lgdk-x11-2.0 -latk-1.0 -lgio-2.0 -lpangoft2-1.0 -lpangocairo-1.0 -lgdk_pixbuf-2.0 -lcairo -lpango-1.0 -lfreetype -lfontconfig -lgobject-2.0 -lgthread-2.0 -lrt -lglib-2.0  '
ECHO_C=''
ECHO_N='-n'
ECHO_T=''
EGREP='/bin/grep -E'
EXEEXT=''
GREP='/bin/grep'
INSTALL_DATA='${INSTALL} -m 644'
INSTALL_PROGRAM='${INSTALL}'
INSTALL_SCRIPT='${INSTALL}'
INSTALL_STRIP_PROGRAM='$(install_sh) -c -s'
LDFLAGS=''
LIBOBJS=''
LIBS='-lpthread -lm '
LTLIBOBJS=''
MAKEINFO='${SHELL} /home/mininet/RYU295/packETH-1.7.3/missing --run makeinfo'
MKDIR_P='/bin/mkdir -p'
OBJEXT='o'
PACKAGE='packeth'
PACKAGE_BUGREPORT='jemcek@gmail.com'
PACKAGE_NAME='packETH'
PACKAGE_STRING='packETH 1.7'
PACKAGE_TARNAME='packeth'
PACKAGE_URL=''
PACKAGE_VERSION='1.7'
PATH_SEPARATOR=':'
PKG_CONFIG='/usr/bin/pkg-config'
PKG_CONFIG_LIBDIR=''
PKG_CONFIG_PATH=''
POW_LIB=''
SET_MAKE=''
SHELL='/bin/bash'
STRIP=''
VERSION='1.7'
ac_ct_CC='gcc'
am__EXEEXT_FALSE=''
am__EXEEXT_TRUE='#'
am__fastdepCC_FALSE='#'
am__fastdepCC_TRUE=''
am__include='include'
am__isrc=''
am__leading_dot='.'
am__nodep='_no'
am__quote=''
am__tar='$${TAR-tar} chof - "$$tardir"'
am__untar='$${TAR-tar} xf -'
bindir='${exec_prefix}/bin'
build_alias=''
datadir='${datarootdir}'
datarootdir='${prefix}/share'
docdir='${datarootdir}/doc/${PACKAGE_TARNAME}'
dvidir='${docdir}'
exec_prefix='${prefix}'
host_alias=''
htmldir='${docdir}'
includedir='${prefix}/include'
infodir='${datarootdir}/info'
install_sh='${SHELL} /home/mininet/RYU295/packETH-1.7.3/install-sh'
libdir='${exec_prefix}/lib'
libexecdir='${exec_prefix}/libexec'
localedir='${datarootdir}/locale'
localstatedir='${prefix}/var'
mandir='${datarootdir}/man'
mkdir_p='/bin/mkdir -p'
oldincludedir='/usr/include'
pdfdir='${docdir}'
prefix='/usr/local'
program_transform_name='s,x,x,'
psdir='${docdir}'
sbindir='${exec_prefix}/sbin'
sharedstatedir='${prefix}/com'
sysconfdir='${prefix}/etc'
target_alias=''

## ----------- ##
## confdefs.h. ##
## ----------- ##

/* confdefs.h */
#define PACKAGE_NAME "packETH"
#define PACKAGE_TARNAME "packeth"
#define PACKAGE_VERSION "1.7"
#define PACKAGE_STRING "packETH 1.7"
#define PACKAGE_BUGREPORT "jemcek@gmail.com"
#define PACKAGE_URL ""
#define PACKAGE "packeth"
#define VERSION "1.7"
#define HAVE_LIBM 1
#define HAVE_LIBPTHREAD 1
#define STDC_HEADERS 1
#define HAVE_SYS_TYPES_H 1
#define HAVE_SYS_STAT_H 1
#define HAVE_STDLIB_H 1
#define HAVE_STRING_H 1
#define HAVE_MEMORY_H 1
#define HAVE_STRINGS_H 1
#define HAVE_INTTYPES_H 1
#define HAVE_STDINT_H 1
#define HAVE_UNISTD_H 1
#define HAVE_LIBINTL_H 1
#define HAVE_NETDB_H 1
#define HAVE_NETINET_IN_H 1
#define HAVE_STDLIB_H 1
#define HAVE_STRING_H 1
#define HAVE_SYS_IOCTL_H 1
#define HAVE_SYS_SOCKET_H 1
#define HAVE_SYS_TIME_H 1
#define HAVE_SYS_TIMEB_H 1
#define HAVE_UNISTD_H 1
#define HAVE_STDLIB_H 1
#define HAVE_MALLOC 1
#define HAVE_BZERO 1
#define HAVE_FTIME 1
#define HAVE_GETTIMEOFDAY 1
#define HAVE_ISASCII 1
#define HAVE_MEMSET 1
#define HAVE_SOCKET 1
#define HAVE_STRCHR 1
#define HAVE_STRTOL 1
#define HAVE_STRTOUL 1
#define HAVE_STRTOULL 1

configure: exit 0
